[0.143s] DEBUG:colcon:Command line arguments: ['/usr/bin/colcon', 'build', '--symlink-install']
[0.143s] DEBUG:colcon:Parsed command line arguments: Namespace(ament_cmake_args=None, base_paths=['.'], build_base='build', catkin_cmake_args=None, catkin_skip_building_tests=False, cmake_args=None, cmake_clean_cache=False, cmake_clean_first=False, cmake_force_configure=False, cmake_target=None, cmake_target_skip_unavailable=False, continue_on_error=False, event_handlers=None, executor='parallel', ignore_user_meta=False, install_base='install', log_base=None, log_level=None, main=<bound method BuildVerb.main of <colcon_core.verb.build.BuildVerb object at 0x7f8897311a00>>, merge_install=False, metas=['./colcon.meta'], packages_above=None, packages_above_and_dependencies=None, packages_above_depth=None, packages_end=None, packages_ignore=None, packages_ignore_regex=None, packages_select=None, packages_select_build_failed=False, packages_select_by_dep=None, packages_select_regex=None, packages_select_test_failures=False, packages_skip=None, packages_skip_build_finished=False, packages_skip_by_dep=None, packages_skip_regex=None, packages_skip_test_passed=False, packages_skip_up_to=None, packages_start=None, packages_up_to=None, packages_up_to_regex=None, parallel_workers=4, paths=None, symlink_install=True, test_result_base=None, verb_extension=<colcon_core.verb.build.BuildVerb object at 0x7f8897311a00>, verb_name='build', verb_parser=<colcon_defaults.argument_parser.defaults.DefaultArgumentsDecorator object at 0x7f8897311f70>)
[0.149s] Level 1:colcon.colcon_core.package_discovery:discover_packages(colcon_meta) check parameters
[0.149s] Level 1:colcon.colcon_core.package_discovery:discover_packages(recursive) check parameters
[0.149s] Level 1:colcon.colcon_core.package_discovery:discover_packages(ignore) check parameters
[0.149s] Level 1:colcon.colcon_core.package_discovery:discover_packages(path) check parameters
[0.149s] Level 1:colcon.colcon_core.package_discovery:discover_packages(colcon_meta) discover
[0.149s] Level 1:colcon.colcon_core.package_discovery:discover_packages(recursive) discover
[0.150s] INFO:colcon.colcon_core.package_discovery:Crawling recursively for packages in '/home/cale/thesis-code/ws/src'
[0.150s] Level 1:colcon.colcon_core.package_identification:_identify(.) by extensions ['ignore', 'ignore_ament_install']
[0.150s] Level 1:colcon.colcon_core.package_identification:_identify(.) by extension 'ignore'
[0.150s] Level 1:colcon.colcon_core.package_identification:_identify(.) by extension 'ignore_ament_install'
[0.150s] Level 1:colcon.colcon_core.package_identification:_identify(.) by extensions ['colcon_pkg']
[0.150s] Level 1:colcon.colcon_core.package_identification:_identify(.) by extension 'colcon_pkg'
[0.150s] Level 1:colcon.colcon_core.package_identification:_identify(.) by extensions ['colcon_meta']
[0.150s] Level 1:colcon.colcon_core.package_identification:_identify(.) by extension 'colcon_meta'
[0.150s] Level 1:colcon.colcon_core.package_identification:_identify(.) by extensions ['ros']
[0.150s] Level 1:colcon.colcon_core.package_identification:_identify(.) by extension 'ros'
[0.161s] Level 1:colcon.colcon_core.package_identification:_identify(.) by extensions ['cmake', 'python']
[0.161s] Level 1:colcon.colcon_core.package_identification:_identify(.) by extension 'cmake'
[0.161s] Level 1:colcon.colcon_core.package_identification:_identify(.) by extension 'python'
[0.161s] Level 1:colcon.colcon_core.package_identification:_identify(.) by extensions ['python_setup_py']
[0.161s] Level 1:colcon.colcon_core.package_identification:_identify(.) by extension 'python_setup_py'
[0.162s] Level 1:colcon.colcon_core.package_identification:_identify(build) by extensions ['ignore', 'ignore_ament_install']
[0.162s] Level 1:colcon.colcon_core.package_identification:_identify(build) by extension 'ignore'
[0.162s] Level 1:colcon.colcon_core.package_identification:_identify(build) ignored
[0.162s] Level 1:colcon.colcon_core.package_identification:_identify(install) by extensions ['ignore', 'ignore_ament_install']
[0.162s] Level 1:colcon.colcon_core.package_identification:_identify(install) by extension 'ignore'
[0.162s] Level 1:colcon.colcon_core.package_identification:_identify(install) ignored
[0.162s] Level 1:colcon.colcon_core.package_identification:_identify(log) by extensions ['ignore', 'ignore_ament_install']
[0.162s] Level 1:colcon.colcon_core.package_identification:_identify(log) by extension 'ignore'
[0.162s] Level 1:colcon.colcon_core.package_identification:_identify(log) ignored
[0.163s] Level 1:colcon.colcon_core.package_identification:_identify(more_interfaces) by extensions ['ignore', 'ignore_ament_install']
[0.163s] Level 1:colcon.colcon_core.package_identification:_identify(more_interfaces) by extension 'ignore'
[0.163s] Level 1:colcon.colcon_core.package_identification:_identify(more_interfaces) by extension 'ignore_ament_install'
[0.163s] Level 1:colcon.colcon_core.package_identification:_identify(more_interfaces) by extensions ['colcon_pkg']
[0.163s] Level 1:colcon.colcon_core.package_identification:_identify(more_interfaces) by extension 'colcon_pkg'
[0.163s] Level 1:colcon.colcon_core.package_identification:_identify(more_interfaces) by extensions ['colcon_meta']
[0.163s] Level 1:colcon.colcon_core.package_identification:_identify(more_interfaces) by extension 'colcon_meta'
[0.163s] Level 1:colcon.colcon_core.package_identification:_identify(more_interfaces) by extensions ['ros']
[0.163s] Level 1:colcon.colcon_core.package_identification:_identify(more_interfaces) by extension 'ros'
[0.165s] DEBUG:colcon.colcon_core.package_identification:Package 'more_interfaces' with type 'ros.ament_cmake' and name 'more_interfaces'
[0.166s] Level 1:colcon.colcon_core.package_identification:_identify(simulator) by extensions ['ignore', 'ignore_ament_install']
[0.166s] Level 1:colcon.colcon_core.package_identification:_identify(simulator) by extension 'ignore'
[0.166s] Level 1:colcon.colcon_core.package_identification:_identify(simulator) by extension 'ignore_ament_install'
[0.166s] Level 1:colcon.colcon_core.package_identification:_identify(simulator) by extensions ['colcon_pkg']
[0.166s] Level 1:colcon.colcon_core.package_identification:_identify(simulator) by extension 'colcon_pkg'
[0.166s] Level 1:colcon.colcon_core.package_identification:_identify(simulator) by extensions ['colcon_meta']
[0.166s] Level 1:colcon.colcon_core.package_identification:_identify(simulator) by extension 'colcon_meta'
[0.166s] Level 1:colcon.colcon_core.package_identification:_identify(simulator) by extensions ['ros']
[0.166s] Level 1:colcon.colcon_core.package_identification:_identify(simulator) by extension 'ros'
[0.170s] ERROR:colcon.colcon_core.package_identification:Exception in package identification extension 'ros' in 'simulator': 'path'
Traceback (most recent call last):
  File "/usr/lib/python3/dist-packages/colcon_ros/package_identification/ros.py", line 203, in _get_build_type
    return pkg.get_build_type()
  File "/usr/lib/python3/dist-packages/catkin_pkg/package.py", line 165, in get_build_type
    raise InvalidPackage('Only one <build_type> element is permitted.', self.filename)
catkin_pkg.package.InvalidPackage: Error(s) in package 'simulator/package.xml':
Only one <build_type> element is permitted.

During handling of the above exception, another exception occurred:

Traceback (most recent call last):
  File "/usr/lib/python3/dist-packages/colcon_core/package_identification/__init__.py", line 143, in _identify
    retval = extension.identify(_reused_descriptor_instance)
  File "/usr/lib/python3/dist-packages/colcon_ros/package_identification/ros.py", line 59, in identify
    pkg, build_type = get_package_with_build_type(str(desc.path))
  File "/usr/lib/python3/dist-packages/colcon_ros/package_identification/ros.py", line 164, in get_package_with_build_type
    build_type = _get_build_type(pkg) if pkg else None
  File "/usr/lib/python3/dist-packages/colcon_ros/package_identification/ros.py", line 206, in _get_build_type
    "ROS package '{pkg.name}' in '{path}' has more than one "
KeyError: 'path'

[0.170s] Level 1:colcon.colcon_core.package_identification:_identify(simulator) by extensions ['cmake', 'python']
[0.171s] Level 1:colcon.colcon_core.package_identification:_identify(simulator) by extension 'cmake'
[0.174s] Level 1:colcon.colcon_core.package_identification:_identify(simulator) by extension 'python'
[0.175s] DEBUG:colcon.colcon_core.package_identification:Python package in 'simulator' passes arguments to the setup() function which requires a different identification extension than 'python'
[0.175s] DEBUG:colcon.colcon_core.package_identification:Package 'simulator' with type 'cmake' and name 'simulator'
[0.175s] Level 1:colcon.colcon_core.package_identification:_identify(tuts) by extensions ['ignore', 'ignore_ament_install']
[0.175s] Level 1:colcon.colcon_core.package_identification:_identify(tuts) by extension 'ignore'
[0.175s] Level 1:colcon.colcon_core.package_identification:_identify(tuts) by extension 'ignore_ament_install'
[0.175s] Level 1:colcon.colcon_core.package_identification:_identify(tuts) by extensions ['colcon_pkg']
[0.176s] Level 1:colcon.colcon_core.package_identification:_identify(tuts) by extension 'colcon_pkg'
[0.176s] Level 1:colcon.colcon_core.package_identification:_identify(tuts) by extensions ['colcon_meta']
[0.176s] Level 1:colcon.colcon_core.package_identification:_identify(tuts) by extension 'colcon_meta'
[0.176s] Level 1:colcon.colcon_core.package_identification:_identify(tuts) by extensions ['ros']
[0.176s] Level 1:colcon.colcon_core.package_identification:_identify(tuts) by extension 'ros'
[0.177s] DEBUG:colcon.colcon_core.package_identification:Package 'tuts' with type 'ros.ament_cmake' and name 'tuts'
[0.177s] Level 1:colcon.colcon_core.package_discovery:discover_packages(recursive) using defaults
[0.177s] Level 1:colcon.colcon_core.package_discovery:discover_packages(ignore) discover
[0.177s] Level 1:colcon.colcon_core.package_discovery:discover_packages(ignore) using defaults
[0.177s] Level 1:colcon.colcon_core.package_discovery:discover_packages(path) discover
[0.178s] Level 1:colcon.colcon_core.package_discovery:discover_packages(path) using defaults
[0.202s] Level 5:colcon.colcon_core.verb:set package 'more_interfaces' build argument 'cmake_args' from command line to 'None'
[0.202s] Level 5:colcon.colcon_core.verb:set package 'more_interfaces' build argument 'cmake_target' from command line to 'None'
[0.202s] Level 5:colcon.colcon_core.verb:set package 'more_interfaces' build argument 'cmake_target_skip_unavailable' from command line to 'False'
[0.202s] Level 5:colcon.colcon_core.verb:set package 'more_interfaces' build argument 'cmake_clean_cache' from command line to 'False'
[0.202s] Level 5:colcon.colcon_core.verb:set package 'more_interfaces' build argument 'cmake_clean_first' from command line to 'False'
[0.202s] Level 5:colcon.colcon_core.verb:set package 'more_interfaces' build argument 'cmake_force_configure' from command line to 'False'
[0.202s] Level 5:colcon.colcon_core.verb:set package 'more_interfaces' build argument 'ament_cmake_args' from command line to 'None'
[0.202s] Level 5:colcon.colcon_core.verb:set package 'more_interfaces' build argument 'catkin_cmake_args' from command line to 'None'
[0.202s] Level 5:colcon.colcon_core.verb:set package 'more_interfaces' build argument 'catkin_skip_building_tests' from command line to 'False'
[0.202s] DEBUG:colcon.colcon_core.verb:Building package 'more_interfaces' with the following arguments: {'ament_cmake_args': None, 'build_base': '/home/cale/thesis-code/ws/src/build/more_interfaces', 'catkin_cmake_args': None, 'catkin_skip_building_tests': False, 'cmake_args': None, 'cmake_clean_cache': False, 'cmake_clean_first': False, 'cmake_force_configure': False, 'cmake_target': None, 'cmake_target_skip_unavailable': False, 'install_base': '/home/cale/thesis-code/ws/src/install/more_interfaces', 'merge_install': False, 'path': '/home/cale/thesis-code/ws/src/more_interfaces', 'symlink_install': True, 'test_result_base': None}
[0.205s] Level 5:colcon.colcon_core.verb:set package 'simulator' build argument 'cmake_args' from command line to 'None'
[0.205s] Level 5:colcon.colcon_core.verb:set package 'simulator' build argument 'cmake_target' from command line to 'None'
[0.205s] Level 5:colcon.colcon_core.verb:set package 'simulator' build argument 'cmake_target_skip_unavailable' from command line to 'False'
[0.205s] Level 5:colcon.colcon_core.verb:set package 'simulator' build argument 'cmake_clean_cache' from command line to 'False'
[0.205s] Level 5:colcon.colcon_core.verb:set package 'simulator' build argument 'cmake_clean_first' from command line to 'False'
[0.205s] Level 5:colcon.colcon_core.verb:set package 'simulator' build argument 'cmake_force_configure' from command line to 'False'
[0.205s] Level 5:colcon.colcon_core.verb:set package 'simulator' build argument 'ament_cmake_args' from command line to 'None'
[0.205s] Level 5:colcon.colcon_core.verb:set package 'simulator' build argument 'catkin_cmake_args' from command line to 'None'
[0.205s] Level 5:colcon.colcon_core.verb:set package 'simulator' build argument 'catkin_skip_building_tests' from command line to 'False'
[0.205s] DEBUG:colcon.colcon_core.verb:Building package 'simulator' with the following arguments: {'ament_cmake_args': None, 'build_base': '/home/cale/thesis-code/ws/src/build/simulator', 'catkin_cmake_args': None, 'catkin_skip_building_tests': False, 'cmake_args': None, 'cmake_clean_cache': False, 'cmake_clean_first': False, 'cmake_force_configure': False, 'cmake_target': None, 'cmake_target_skip_unavailable': False, 'install_base': '/home/cale/thesis-code/ws/src/install/simulator', 'merge_install': False, 'path': '/home/cale/thesis-code/ws/src/simulator', 'symlink_install': True, 'test_result_base': None}
[0.208s] Level 5:colcon.colcon_core.verb:set package 'tuts' build argument 'cmake_args' from command line to 'None'
[0.208s] Level 5:colcon.colcon_core.verb:set package 'tuts' build argument 'cmake_target' from command line to 'None'
[0.208s] Level 5:colcon.colcon_core.verb:set package 'tuts' build argument 'cmake_target_skip_unavailable' from command line to 'False'
[0.209s] Level 5:colcon.colcon_core.verb:set package 'tuts' build argument 'cmake_clean_cache' from command line to 'False'
[0.209s] Level 5:colcon.colcon_core.verb:set package 'tuts' build argument 'cmake_clean_first' from command line to 'False'
[0.209s] Level 5:colcon.colcon_core.verb:set package 'tuts' build argument 'cmake_force_configure' from command line to 'False'
[0.209s] Level 5:colcon.colcon_core.verb:set package 'tuts' build argument 'ament_cmake_args' from command line to 'None'
[0.209s] Level 5:colcon.colcon_core.verb:set package 'tuts' build argument 'catkin_cmake_args' from command line to 'None'
[0.209s] Level 5:colcon.colcon_core.verb:set package 'tuts' build argument 'catkin_skip_building_tests' from command line to 'False'
[0.209s] DEBUG:colcon.colcon_core.verb:Building package 'tuts' with the following arguments: {'ament_cmake_args': None, 'build_base': '/home/cale/thesis-code/ws/src/build/tuts', 'catkin_cmake_args': None, 'catkin_skip_building_tests': False, 'cmake_args': None, 'cmake_clean_cache': False, 'cmake_clean_first': False, 'cmake_force_configure': False, 'cmake_target': None, 'cmake_target_skip_unavailable': False, 'install_base': '/home/cale/thesis-code/ws/src/install/tuts', 'merge_install': False, 'path': '/home/cale/thesis-code/ws/src/tuts', 'symlink_install': True, 'test_result_base': None}
[0.209s] INFO:colcon.colcon_core.executor:Executing jobs using 'parallel' executor
[0.212s] DEBUG:colcon.colcon_parallel_executor.executor.parallel:run_until_complete
[0.212s] INFO:colcon.colcon_ros.task.ament_cmake.build:Building ROS package in '/home/cale/thesis-code/ws/src/more_interfaces' with build type 'ament_cmake'
[0.212s] INFO:colcon.colcon_cmake.task.cmake.build:Building CMake package in '/home/cale/thesis-code/ws/src/more_interfaces'
[0.216s] INFO:colcon.colcon_core.plugin_system:Skipping extension 'colcon_core.shell.bat': Not used on non-Windows systems
[0.216s] INFO:colcon.colcon_core.shell:Skip shell extension 'powershell' for command environment: Not usable outside of PowerShell
[0.216s] DEBUG:colcon.colcon_core.shell:Skip shell extension 'dsv' for command environment
[0.219s] DEBUG:colcon.colcon_core.shell:Ignoring prefix path '/opt/ros/foxy'
[0.222s] INFO:colcon.colcon_cmake.task.cmake.build:Building CMake package in '/home/cale/thesis-code/ws/src/simulator'
[0.223s] INFO:colcon.colcon_core.shell:Skip shell extension 'powershell' for command environment: Not usable outside of PowerShell
[0.223s] DEBUG:colcon.colcon_core.shell:Skip shell extension 'dsv' for command environment
[0.225s] DEBUG:colcon.colcon_core.shell:Ignoring prefix path '/opt/ros/foxy'
[0.228s] INFO:colcon.colcon_ros.task.ament_cmake.build:Building ROS package in '/home/cale/thesis-code/ws/src/tuts' with build type 'ament_cmake'
[0.228s] INFO:colcon.colcon_cmake.task.cmake.build:Building CMake package in '/home/cale/thesis-code/ws/src/tuts'
[0.229s] INFO:colcon.colcon_core.shell:Skip shell extension 'powershell' for command environment: Not usable outside of PowerShell
[0.229s] DEBUG:colcon.colcon_core.shell:Skip shell extension 'dsv' for command environment
[0.232s] DEBUG:colcon.colcon_core.shell:Ignoring prefix path '/opt/ros/foxy'
[0.241s] DEBUG:colcon.colcon_core.event_handler.log_command:Invoking command in '/home/cale/thesis-code/ws/src/build/more_interfaces': CMAKE_PREFIX_PATH=${CMAKE_PREFIX_PATH}:/opt/ros/foxy /usr/bin/cmake /home/cale/thesis-code/ws/src/more_interfaces -DAMENT_CMAKE_SYMLINK_INSTALL=1 -DCMAKE_INSTALL_PREFIX=/home/cale/thesis-code/ws/src/install/more_interfaces
[0.248s] DEBUG:colcon.colcon_core.event_handler.log_command:Invoking command in '/home/cale/thesis-code/ws/src/build/simulator': /usr/bin/cmake /home/cale/thesis-code/ws/src/simulator -DCMAKE_INSTALL_PREFIX=/home/cale/thesis-code/ws/src/install/simulator
[0.264s] DEBUG:colcon.colcon_core.event_handler.log_command:Invoking command in '/home/cale/thesis-code/ws/src/build/tuts': CMAKE_PREFIX_PATH=${CMAKE_PREFIX_PATH}:/opt/ros/foxy /usr/bin/cmake /home/cale/thesis-code/ws/src/tuts -DAMENT_CMAKE_SYMLINK_INSTALL=1 -DCMAKE_INSTALL_PREFIX=/home/cale/thesis-code/ws/src/install/tuts
[2.186s] DEBUG:colcon.colcon_core.event_handler.log_command:Invoked command in '/home/cale/thesis-code/ws/src/build/tuts' returned '0': CMAKE_PREFIX_PATH=${CMAKE_PREFIX_PATH}:/opt/ros/foxy /usr/bin/cmake /home/cale/thesis-code/ws/src/tuts -DAMENT_CMAKE_SYMLINK_INSTALL=1 -DCMAKE_INSTALL_PREFIX=/home/cale/thesis-code/ws/src/install/tuts
[2.191s] DEBUG:colcon.colcon_core.event_handler.log_command:Invoking command in '/home/cale/thesis-code/ws/src/build/tuts': CMAKE_PREFIX_PATH=${CMAKE_PREFIX_PATH}:/opt/ros/foxy /usr/bin/cmake --build /home/cale/thesis-code/ws/src/build/tuts -- -j4 -l4
[3.186s] DEBUG:colcon.colcon_core.event_handler.log_command:Invoked command in '/home/cale/thesis-code/ws/src/build/more_interfaces' returned '0': CMAKE_PREFIX_PATH=${CMAKE_PREFIX_PATH}:/opt/ros/foxy /usr/bin/cmake /home/cale/thesis-code/ws/src/more_interfaces -DAMENT_CMAKE_SYMLINK_INSTALL=1 -DCMAKE_INSTALL_PREFIX=/home/cale/thesis-code/ws/src/install/more_interfaces
[3.187s] DEBUG:colcon.colcon_core.event_handler.log_command:Invoking command in '/home/cale/thesis-code/ws/src/build/more_interfaces': CMAKE_PREFIX_PATH=${CMAKE_PREFIX_PATH}:/opt/ros/foxy /usr/bin/cmake --build /home/cale/thesis-code/ws/src/build/more_interfaces -- -j4 -l4
[7.162s] DEBUG:colcon.colcon_core.event_handler.log_command:Invoked command in '/home/cale/thesis-code/ws/src/build/simulator' returned '0': /usr/bin/cmake /home/cale/thesis-code/ws/src/simulator -DCMAKE_INSTALL_PREFIX=/home/cale/thesis-code/ws/src/install/simulator
[7.164s] DEBUG:colcon.colcon_core.event_handler.log_command:Invoking command in '/home/cale/thesis-code/ws/src/build/simulator': /usr/bin/cmake --build /home/cale/thesis-code/ws/src/build/simulator -- -j4 -l4
[10.286s] DEBUG:colcon.colcon_core.event_handler.log_command:Invoked command in '/home/cale/thesis-code/ws/src/build/tuts' returned '0': CMAKE_PREFIX_PATH=${CMAKE_PREFIX_PATH}:/opt/ros/foxy /usr/bin/cmake --build /home/cale/thesis-code/ws/src/build/tuts -- -j4 -l4
[10.479s] DEBUG:colcon.colcon_core.event_handler.log_command:Invoking command in '/home/cale/thesis-code/ws/src/build/tuts': CMAKE_PREFIX_PATH=${CMAKE_PREFIX_PATH}:/opt/ros/foxy /usr/bin/cmake --install /home/cale/thesis-code/ws/src/build/tuts
[12.051s] Level 1:colcon.colcon_core.environment:create_environment_scripts_only(tuts)
[12.053s] DEBUG:colcon.colcon_core.event_handler.log_command:Invoked command in '/home/cale/thesis-code/ws/src/build/tuts' returned '0': CMAKE_PREFIX_PATH=${CMAKE_PREFIX_PATH}:/opt/ros/foxy /usr/bin/cmake --install /home/cale/thesis-code/ws/src/build/tuts
[12.056s] Level 1:colcon.colcon_core.environment:checking '/home/cale/thesis-code/ws/src/install/tuts' for CMake module files
[12.057s] Level 1:colcon.colcon_core.environment:checking '/home/cale/thesis-code/ws/src/install/tuts' for CMake config files
[12.057s] Level 1:colcon.colcon_core.shell:create_environment_hook('tuts', 'cmake_prefix_path')
[12.058s] INFO:colcon.colcon_core.shell:Creating environment hook '/home/cale/thesis-code/ws/src/install/tuts/share/tuts/hook/cmake_prefix_path.ps1'
[12.067s] INFO:colcon.colcon_core.shell:Creating environment descriptor '/home/cale/thesis-code/ws/src/install/tuts/share/tuts/hook/cmake_prefix_path.dsv'
[12.067s] INFO:colcon.colcon_core.shell:Creating environment hook '/home/cale/thesis-code/ws/src/install/tuts/share/tuts/hook/cmake_prefix_path.sh'
[12.068s] Level 1:colcon.colcon_core.environment:checking '/home/cale/thesis-code/ws/src/install/tuts/lib'
[12.069s] Level 1:colcon.colcon_core.shell:create_environment_hook('tuts', 'ld_library_path_lib')
[12.069s] INFO:colcon.colcon_core.shell:Creating environment hook '/home/cale/thesis-code/ws/src/install/tuts/share/tuts/hook/ld_library_path_lib.ps1'
[12.070s] INFO:colcon.colcon_core.shell:Creating environment descriptor '/home/cale/thesis-code/ws/src/install/tuts/share/tuts/hook/ld_library_path_lib.dsv'
[12.070s] INFO:colcon.colcon_core.shell:Creating environment hook '/home/cale/thesis-code/ws/src/install/tuts/share/tuts/hook/ld_library_path_lib.sh'
[12.070s] Level 1:colcon.colcon_core.environment:checking '/home/cale/thesis-code/ws/src/install/tuts/bin'
[12.070s] Level 1:colcon.colcon_core.environment:checking '/home/cale/thesis-code/ws/src/install/tuts/lib/pkgconfig/tuts.pc'
[12.071s] Level 1:colcon.colcon_core.environment:checking '/home/cale/thesis-code/ws/src/install/tuts/lib/python3.8/site-packages'
[12.071s] Level 1:colcon.colcon_core.shell:create_environment_hook('tuts', 'pythonpath')
[12.071s] INFO:colcon.colcon_core.shell:Creating environment hook '/home/cale/thesis-code/ws/src/install/tuts/share/tuts/hook/pythonpath.ps1'
[12.072s] INFO:colcon.colcon_core.shell:Creating environment descriptor '/home/cale/thesis-code/ws/src/install/tuts/share/tuts/hook/pythonpath.dsv'
[12.072s] INFO:colcon.colcon_core.shell:Creating environment hook '/home/cale/thesis-code/ws/src/install/tuts/share/tuts/hook/pythonpath.sh'
[12.073s] INFO:colcon.colcon_core.shell:Creating package script '/home/cale/thesis-code/ws/src/install/tuts/share/tuts/package.ps1'
[12.074s] INFO:colcon.colcon_core.shell:Creating package descriptor '/home/cale/thesis-code/ws/src/install/tuts/share/tuts/package.dsv'
[12.080s] INFO:colcon.colcon_core.shell:Creating package script '/home/cale/thesis-code/ws/src/install/tuts/share/tuts/package.sh'
[12.081s] INFO:colcon.colcon_core.shell:Creating package script '/home/cale/thesis-code/ws/src/install/tuts/share/tuts/package.bash'
[12.082s] INFO:colcon.colcon_core.shell:Creating package script '/home/cale/thesis-code/ws/src/install/tuts/share/tuts/package.zsh'
[12.085s] Level 1:colcon.colcon_core.environment:create_file_with_runtime_dependencies(/home/cale/thesis-code/ws/src/install/tuts/share/colcon-core/packages/tuts)
[12.405s] Level 1:colcon.colcon_core.environment:create_environment_scripts_only(tuts)
[12.406s] Level 1:colcon.colcon_core.environment:checking '/home/cale/thesis-code/ws/src/install/tuts' for CMake module files
[12.406s] Level 1:colcon.colcon_core.environment:checking '/home/cale/thesis-code/ws/src/install/tuts' for CMake config files
[12.407s] Level 1:colcon.colcon_core.shell:create_environment_hook('tuts', 'cmake_prefix_path')
[12.408s] INFO:colcon.colcon_core.shell:Creating environment hook '/home/cale/thesis-code/ws/src/install/tuts/share/tuts/hook/cmake_prefix_path.ps1'
[12.409s] INFO:colcon.colcon_core.shell:Creating environment descriptor '/home/cale/thesis-code/ws/src/install/tuts/share/tuts/hook/cmake_prefix_path.dsv'
[12.409s] INFO:colcon.colcon_core.shell:Creating environment hook '/home/cale/thesis-code/ws/src/install/tuts/share/tuts/hook/cmake_prefix_path.sh'
[12.410s] Level 1:colcon.colcon_core.environment:checking '/home/cale/thesis-code/ws/src/install/tuts/lib'
[12.410s] Level 1:colcon.colcon_core.shell:create_environment_hook('tuts', 'ld_library_path_lib')
[12.410s] INFO:colcon.colcon_core.shell:Creating environment hook '/home/cale/thesis-code/ws/src/install/tuts/share/tuts/hook/ld_library_path_lib.ps1'
[12.411s] INFO:colcon.colcon_core.shell:Creating environment descriptor '/home/cale/thesis-code/ws/src/install/tuts/share/tuts/hook/ld_library_path_lib.dsv'
[12.411s] INFO:colcon.colcon_core.shell:Creating environment hook '/home/cale/thesis-code/ws/src/install/tuts/share/tuts/hook/ld_library_path_lib.sh'
[12.412s] Level 1:colcon.colcon_core.environment:checking '/home/cale/thesis-code/ws/src/install/tuts/bin'
[12.412s] Level 1:colcon.colcon_core.environment:checking '/home/cale/thesis-code/ws/src/install/tuts/lib/pkgconfig/tuts.pc'
[12.412s] Level 1:colcon.colcon_core.environment:checking '/home/cale/thesis-code/ws/src/install/tuts/lib/python3.8/site-packages'
[12.412s] Level 1:colcon.colcon_core.shell:create_environment_hook('tuts', 'pythonpath')
[12.412s] INFO:colcon.colcon_core.shell:Creating environment hook '/home/cale/thesis-code/ws/src/install/tuts/share/tuts/hook/pythonpath.ps1'
[12.413s] INFO:colcon.colcon_core.shell:Creating environment descriptor '/home/cale/thesis-code/ws/src/install/tuts/share/tuts/hook/pythonpath.dsv'
[12.413s] INFO:colcon.colcon_core.shell:Creating environment hook '/home/cale/thesis-code/ws/src/install/tuts/share/tuts/hook/pythonpath.sh'
[12.414s] INFO:colcon.colcon_core.shell:Creating package script '/home/cale/thesis-code/ws/src/install/tuts/share/tuts/package.ps1'
[12.417s] INFO:colcon.colcon_core.shell:Creating package descriptor '/home/cale/thesis-code/ws/src/install/tuts/share/tuts/package.dsv'
[12.417s] INFO:colcon.colcon_core.shell:Creating package script '/home/cale/thesis-code/ws/src/install/tuts/share/tuts/package.sh'
[12.418s] INFO:colcon.colcon_core.shell:Creating package script '/home/cale/thesis-code/ws/src/install/tuts/share/tuts/package.bash'
[12.418s] INFO:colcon.colcon_core.shell:Creating package script '/home/cale/thesis-code/ws/src/install/tuts/share/tuts/package.zsh'
[12.419s] Level 1:colcon.colcon_core.environment:create_file_with_runtime_dependencies(/home/cale/thesis-code/ws/src/install/tuts/share/colcon-core/packages/tuts)
[13.424s] DEBUG:colcon.colcon_core.event_handler.log_command:Invoked command in '/home/cale/thesis-code/ws/src/build/more_interfaces' returned '0': CMAKE_PREFIX_PATH=${CMAKE_PREFIX_PATH}:/opt/ros/foxy /usr/bin/cmake --build /home/cale/thesis-code/ws/src/build/more_interfaces -- -j4 -l4
[13.487s] DEBUG:colcon.colcon_core.event_handler.log_command:Invoking command in '/home/cale/thesis-code/ws/src/build/more_interfaces': CMAKE_PREFIX_PATH=${CMAKE_PREFIX_PATH}:/opt/ros/foxy /usr/bin/cmake --install /home/cale/thesis-code/ws/src/build/more_interfaces
[14.185s] Level 1:colcon.colcon_core.environment:create_environment_scripts_only(more_interfaces)
[14.187s] Level 1:colcon.colcon_core.environment:checking '/home/cale/thesis-code/ws/src/install/more_interfaces' for CMake module files
[14.187s] Level 1:colcon.colcon_core.environment:checking '/home/cale/thesis-code/ws/src/install/more_interfaces' for CMake config files
[14.188s] Level 1:colcon.colcon_core.shell:create_environment_hook('more_interfaces', 'cmake_prefix_path')
[14.188s] INFO:colcon.colcon_core.shell:Creating environment hook '/home/cale/thesis-code/ws/src/install/more_interfaces/share/more_interfaces/hook/cmake_prefix_path.ps1'
[14.189s] INFO:colcon.colcon_core.shell:Creating environment descriptor '/home/cale/thesis-code/ws/src/install/more_interfaces/share/more_interfaces/hook/cmake_prefix_path.dsv'
[14.189s] INFO:colcon.colcon_core.shell:Creating environment hook '/home/cale/thesis-code/ws/src/install/more_interfaces/share/more_interfaces/hook/cmake_prefix_path.sh'
[14.190s] Level 1:colcon.colcon_core.environment:checking '/home/cale/thesis-code/ws/src/install/more_interfaces/lib'
[14.190s] Level 1:colcon.colcon_core.shell:create_environment_hook('more_interfaces', 'ld_library_path_lib')
[14.191s] INFO:colcon.colcon_core.shell:Creating environment hook '/home/cale/thesis-code/ws/src/install/more_interfaces/share/more_interfaces/hook/ld_library_path_lib.ps1'
[14.191s] DEBUG:colcon.colcon_core.event_handler.log_command:Invoked command in '/home/cale/thesis-code/ws/src/build/more_interfaces' returned '0': CMAKE_PREFIX_PATH=${CMAKE_PREFIX_PATH}:/opt/ros/foxy /usr/bin/cmake --install /home/cale/thesis-code/ws/src/build/more_interfaces
[14.192s] INFO:colcon.colcon_core.shell:Creating environment descriptor '/home/cale/thesis-code/ws/src/install/more_interfaces/share/more_interfaces/hook/ld_library_path_lib.dsv'
[14.192s] INFO:colcon.colcon_core.shell:Creating environment hook '/home/cale/thesis-code/ws/src/install/more_interfaces/share/more_interfaces/hook/ld_library_path_lib.sh'
[14.192s] Level 1:colcon.colcon_core.environment:checking '/home/cale/thesis-code/ws/src/install/more_interfaces/bin'
[14.193s] Level 1:colcon.colcon_core.environment:checking '/home/cale/thesis-code/ws/src/install/more_interfaces/lib/pkgconfig/more_interfaces.pc'
[14.193s] Level 1:colcon.colcon_core.environment:checking '/home/cale/thesis-code/ws/src/install/more_interfaces/lib/python3.8/site-packages'
[14.193s] Level 1:colcon.colcon_core.shell:create_environment_hook('more_interfaces', 'pythonpath')
[14.193s] INFO:colcon.colcon_core.shell:Creating environment hook '/home/cale/thesis-code/ws/src/install/more_interfaces/share/more_interfaces/hook/pythonpath.ps1'
[14.194s] INFO:colcon.colcon_core.shell:Creating environment descriptor '/home/cale/thesis-code/ws/src/install/more_interfaces/share/more_interfaces/hook/pythonpath.dsv'
[14.194s] INFO:colcon.colcon_core.shell:Creating environment hook '/home/cale/thesis-code/ws/src/install/more_interfaces/share/more_interfaces/hook/pythonpath.sh'
[14.195s] INFO:colcon.colcon_core.shell:Creating package script '/home/cale/thesis-code/ws/src/install/more_interfaces/share/more_interfaces/package.ps1'
[14.196s] INFO:colcon.colcon_core.shell:Creating package descriptor '/home/cale/thesis-code/ws/src/install/more_interfaces/share/more_interfaces/package.dsv'
[14.196s] INFO:colcon.colcon_core.shell:Creating package script '/home/cale/thesis-code/ws/src/install/more_interfaces/share/more_interfaces/package.sh'
[14.197s] INFO:colcon.colcon_core.shell:Creating package script '/home/cale/thesis-code/ws/src/install/more_interfaces/share/more_interfaces/package.bash'
[14.197s] INFO:colcon.colcon_core.shell:Creating package script '/home/cale/thesis-code/ws/src/install/more_interfaces/share/more_interfaces/package.zsh'
[14.197s] Level 1:colcon.colcon_core.environment:create_file_with_runtime_dependencies(/home/cale/thesis-code/ws/src/install/more_interfaces/share/colcon-core/packages/more_interfaces)
[14.264s] Level 1:colcon.colcon_core.environment:create_environment_scripts_only(more_interfaces)
[14.265s] Level 1:colcon.colcon_core.environment:checking '/home/cale/thesis-code/ws/src/install/more_interfaces' for CMake module files
[14.266s] Level 1:colcon.colcon_core.environment:checking '/home/cale/thesis-code/ws/src/install/more_interfaces' for CMake config files
[14.266s] Level 1:colcon.colcon_core.shell:create_environment_hook('more_interfaces', 'cmake_prefix_path')
[14.267s] INFO:colcon.colcon_core.shell:Creating environment hook '/home/cale/thesis-code/ws/src/install/more_interfaces/share/more_interfaces/hook/cmake_prefix_path.ps1'
[14.268s] INFO:colcon.colcon_core.shell:Creating environment descriptor '/home/cale/thesis-code/ws/src/install/more_interfaces/share/more_interfaces/hook/cmake_prefix_path.dsv'
[14.268s] INFO:colcon.colcon_core.shell:Creating environment hook '/home/cale/thesis-code/ws/src/install/more_interfaces/share/more_interfaces/hook/cmake_prefix_path.sh'
[14.269s] Level 1:colcon.colcon_core.environment:checking '/home/cale/thesis-code/ws/src/install/more_interfaces/lib'
[14.270s] Level 1:colcon.colcon_core.shell:create_environment_hook('more_interfaces', 'ld_library_path_lib')
[14.270s] INFO:colcon.colcon_core.shell:Creating environment hook '/home/cale/thesis-code/ws/src/install/more_interfaces/share/more_interfaces/hook/ld_library_path_lib.ps1'
[14.271s] INFO:colcon.colcon_core.shell:Creating environment descriptor '/home/cale/thesis-code/ws/src/install/more_interfaces/share/more_interfaces/hook/ld_library_path_lib.dsv'
[14.272s] INFO:colcon.colcon_core.shell:Creating environment hook '/home/cale/thesis-code/ws/src/install/more_interfaces/share/more_interfaces/hook/ld_library_path_lib.sh'
[14.272s] Level 1:colcon.colcon_core.environment:checking '/home/cale/thesis-code/ws/src/install/more_interfaces/bin'
[14.272s] Level 1:colcon.colcon_core.environment:checking '/home/cale/thesis-code/ws/src/install/more_interfaces/lib/pkgconfig/more_interfaces.pc'
[14.273s] Level 1:colcon.colcon_core.environment:checking '/home/cale/thesis-code/ws/src/install/more_interfaces/lib/python3.8/site-packages'
[14.273s] Level 1:colcon.colcon_core.shell:create_environment_hook('more_interfaces', 'pythonpath')
[14.274s] INFO:colcon.colcon_core.shell:Creating environment hook '/home/cale/thesis-code/ws/src/install/more_interfaces/share/more_interfaces/hook/pythonpath.ps1'
[14.283s] INFO:colcon.colcon_core.shell:Creating environment descriptor '/home/cale/thesis-code/ws/src/install/more_interfaces/share/more_interfaces/hook/pythonpath.dsv'
[14.283s] INFO:colcon.colcon_core.shell:Creating environment hook '/home/cale/thesis-code/ws/src/install/more_interfaces/share/more_interfaces/hook/pythonpath.sh'
[14.285s] INFO:colcon.colcon_core.shell:Creating package script '/home/cale/thesis-code/ws/src/install/more_interfaces/share/more_interfaces/package.ps1'
[14.285s] INFO:colcon.colcon_core.shell:Creating package descriptor '/home/cale/thesis-code/ws/src/install/more_interfaces/share/more_interfaces/package.dsv'
[14.286s] INFO:colcon.colcon_core.shell:Creating package script '/home/cale/thesis-code/ws/src/install/more_interfaces/share/more_interfaces/package.sh'
[14.286s] INFO:colcon.colcon_core.shell:Creating package script '/home/cale/thesis-code/ws/src/install/more_interfaces/share/more_interfaces/package.bash'
[14.297s] INFO:colcon.colcon_core.shell:Creating package script '/home/cale/thesis-code/ws/src/install/more_interfaces/share/more_interfaces/package.zsh'
[14.298s] Level 1:colcon.colcon_core.environment:create_file_with_runtime_dependencies(/home/cale/thesis-code/ws/src/install/more_interfaces/share/colcon-core/packages/more_interfaces)
[27.332s] DEBUG:colcon.colcon_core.event_handler.log_command:Invoked command in '/home/cale/thesis-code/ws/src/build/simulator' returned '0': /usr/bin/cmake --build /home/cale/thesis-code/ws/src/build/simulator -- -j4 -l4
[27.395s] DEBUG:colcon.colcon_core.event_handler.log_command:Invoking command in '/home/cale/thesis-code/ws/src/build/simulator': /usr/bin/cmake --install /home/cale/thesis-code/ws/src/build/simulator
[27.468s] DEBUG:colcon.colcon_core.event_handler.log_command:Invoked command in '/home/cale/thesis-code/ws/src/build/simulator' returned '1': /usr/bin/cmake --install /home/cale/thesis-code/ws/src/build/simulator
[27.477s] DEBUG:colcon.colcon_parallel_executor.executor.parallel:closing loop
[27.478s] DEBUG:colcon.colcon_parallel_executor.executor.parallel:loop closed
[27.478s] DEBUG:colcon.colcon_parallel_executor.executor.parallel:run_until_complete finished with '1'
[27.478s] DEBUG:colcon.colcon_core.event_reactor:joining thread
[27.486s] INFO:colcon.colcon_core.plugin_system:Skipping extension 'colcon_notification.desktop_notification.terminal_notifier': Not used on non-Darwin systems
[27.486s] INFO:colcon.colcon_core.plugin_system:Skipping extension 'colcon_notification.desktop_notification.win32': Not used on non-Windows systems
[27.486s] INFO:colcon.colcon_notification.desktop_notification:Sending desktop notification using 'notify2'
[27.503s] DEBUG:colcon.colcon_core.event_reactor:joined thread
[27.504s] INFO:colcon.colcon_core.shell:Creating prefix script '/home/cale/thesis-code/ws/src/install/local_setup.ps1'
[27.505s] INFO:colcon.colcon_core.shell:Creating prefix util module '/home/cale/thesis-code/ws/src/install/_local_setup_util_ps1.py'
[27.506s] INFO:colcon.colcon_core.shell:Creating prefix chain script '/home/cale/thesis-code/ws/src/install/setup.ps1'
[27.509s] INFO:colcon.colcon_core.shell:Creating prefix script '/home/cale/thesis-code/ws/src/install/local_setup.sh'
[27.510s] INFO:colcon.colcon_core.shell:Creating prefix util module '/home/cale/thesis-code/ws/src/install/_local_setup_util_sh.py'
[27.513s] INFO:colcon.colcon_core.shell:Creating prefix chain script '/home/cale/thesis-code/ws/src/install/setup.sh'
[27.516s] INFO:colcon.colcon_core.shell:Creating prefix script '/home/cale/thesis-code/ws/src/install/local_setup.bash'
[27.516s] INFO:colcon.colcon_core.shell:Creating prefix chain script '/home/cale/thesis-code/ws/src/install/setup.bash'
[27.519s] INFO:colcon.colcon_core.shell:Creating prefix script '/home/cale/thesis-code/ws/src/install/local_setup.zsh'
[27.519s] INFO:colcon.colcon_core.shell:Creating prefix chain script '/home/cale/thesis-code/ws/src/install/setup.zsh'
